INFO: PyTorch/XLA not found. TPU not available.
⚠️ No TPU or GPU detected. Defaulting to CPU.
Loading model from checkpoints/temporal_checkpoint_game_2300.pth.tar...
Detected Temporal Model.
Model loaded successfully and set to evaluation mode.
============================================================
--- Starting New MCTS Debug Search ---
Position (FEN): rnbqkb1r/pp3ppp/3p1n2/4p3/3pP3/N4N2/PPP2PPP/R1BQKB1R w KQkq - 0 5
Model Type: Temporal
============================================================

Step 1: Root Node Evaluation
  - Root evaluated. Network value: 0.0781
  - Legal moves and their prior probabilities (P):
    - g3: 0.1268
    - Kd2: 0.1197
    - h3: 0.0774
    - Qd2: 0.0747
    - c3: 0.0658
    - Qe2: 0.0531
    - Bd3: 0.0355
    - Nd2: 0.0345
    - Nxd4: 0.0334
    - Rb1: 0.0316
    - Ke2: 0.0295
    - Nb5: 0.0279
    - Be3: 0.0258
    - b4: 0.0258
    - Rg1: 0.0238
    - Qxd4: 0.0202
    - Bd2: 0.0201
    - Bc4: 0.0174
    - Qd3: 0.0169
    - Nc4: 0.0157
    - Nh4: 0.0125
    - Bb5+: 0.0117
    - Be2: 0.0117
    - c4: 0.0110
    - Ng5: 0.0110
    - b3: 0.0097
    - h4: 0.0088
    - Bg5: 0.0084
    - Nb1: 0.0080
    - g4: 0.0074
    - Bf4: 0.0065
    - Nxe5: 0.0057
    - Bh6: 0.0041
    - Ng1: 0.0040
    - Ba6: 0.0038
------------------------------------------------------------

Step 2: Running remaining 199 Simulations

============================================================
--- MCTS Search Complete ---
Final policy based on visit counts:
------------------------------------------------------------
      Move |   Visits (N) |   Mean Q-Value |    Prior (P)
------------------------------------------------------------
       Kd2 |          199 |        -0.0019 |       0.1510
       Ng5 |            0 |        -0.0000 |       0.0109
      Nxe5 |            0 |        -0.0000 |       0.0058
       Nh4 |            0 |        -0.0000 |       0.0189
      Nxd4 |            0 |        -0.0000 |       0.0059
       Nd2 |            0 |        -0.0000 |       0.0158
       Ng1 |            0 |        -0.0000 |       0.0040
       Nb5 |            0 |        -0.0000 |       0.0109
       Nc4 |            0 |        -0.0000 |       0.0151
       Nb1 |            0 |        -0.0000 |       0.0133
       Rg1 |            0 |        -0.0000 |       0.0258
       Ba6 |            0 |        -0.0000 |       0.0120
      Bb5+ |            0 |        -0.0000 |       0.0131
       Bc4 |            0 |        -0.0000 |       0.0070
       Bd3 |            0 |        -0.0000 |       0.0279
       Be2 |            0 |        -0.0000 |       0.0472
       Ke2 |            0 |        -0.0000 |       0.0173
      Qxd4 |            0 |        -0.0000 |       0.0393
       Qd3 |            0 |        -0.0000 |       0.0170
       Qe2 |            0 |        -0.0000 |       0.0114
       Qd2 |            0 |        -0.0000 |       0.0644
       Bh6 |            0 |        -0.0000 |       0.0097
       Bg5 |            0 |        -0.0000 |       0.0223
       Bf4 |            0 |        -0.0000 |       0.0182
       Be3 |            0 |        -0.0000 |       0.0258
       Bd2 |            0 |        -0.0000 |       0.0260
       Rb1 |            0 |        -0.0000 |       0.0180
        h3 |            0 |        -0.0000 |       0.0834
        g3 |            0 |        -0.0000 |       0.1291
        c3 |            0 |        -0.0000 |       0.0609
        b3 |            0 |        -0.0000 |       0.0050
        h4 |            0 |        -0.0000 |       0.0088
        g4 |            0 |        -0.0000 |       0.0074
        c4 |            0 |        -0.0000 |       0.0275
        b4 |            0 |        -0.0000 |       0.0241
============================================================
